{"C:\\Users\\hannah\\developer\\kappa\\morse_code\\practice\\practice.js": {"path":"C:\\Users\\hannah\\developer\\kappa\\morse_code\\practice\\practice.js","statementMap":{"0":{"start":{"line":10,"column":21},"end":{"line":10,"column":42}},"1":{"start":{"line":13,"column":11},"end":{"line":13,"column":74}},"2":{"start":{"line":13,"column":46},"end":{"line":13,"column":73}},"3":{"start":{"line":16,"column":7},"end":{"line":16,"column":39}},"4":{"start":{"line":23,"column":20},"end":{"line":23,"column":38}},"5":{"start":{"line":26,"column":23},"end":{"line":29,"column":27}},"6":{"start":{"line":31,"column":11},"end":{"line":35,"column":12}},"7":{"start":{"line":31,"column":21},"end":{"line":31,"column":22}},"8":{"start":{"line":32,"column":15},"end":{"line":34,"column":16}},"9":{"start":{"line":33,"column":19},"end":{"line":33,"column":32}},"10":{"start":{"line":36,"column":11},"end":{"line":36,"column":23}},"11":{"start":{"line":40,"column":11},"end":{"line":47,"column":12}},"12":{"start":{"line":44,"column":19},"end":{"line":44,"column":32}},"13":{"start":{"line":46,"column":19},"end":{"line":46,"column":31}},"14":{"start":{"line":50,"column":7},"end":{"line":50,"column":40}},"15":{"start":{"line":59,"column":22},"end":{"line":59,"column":52}},"16":{"start":{"line":62,"column":26},"end":{"line":67,"column":21}},"17":{"start":{"line":66,"column":24},"end":{"line":66,"column":61}},"18":{"start":{"line":70,"column":11},"end":{"line":108,"column":9}},"19":{"start":{"line":71,"column":32},"end":{"line":71,"column":50}},"20":{"start":{"line":72,"column":34},"end":{"line":72,"column":63}},"21":{"start":{"line":73,"column":16},"end":{"line":73,"column":43}},"22":{"start":{"line":74,"column":46},"end":{"line":74,"column":62}},"23":{"start":{"line":78,"column":26},"end":{"line":78,"column":40}},"24":{"start":{"line":79,"column":30},"end":{"line":79,"column":32}},"25":{"start":{"line":80,"column":11},"end":{"line":87,"column":12}},"26":{"start":{"line":80,"column":21},"end":{"line":80,"column":22}},"27":{"start":{"line":81,"column":15},"end":{"line":86,"column":16}},"28":{"start":{"line":82,"column":20},"end":{"line":85,"column":23}},"29":{"start":{"line":90,"column":11},"end":{"line":106,"column":12}},"30":{"start":{"line":91,"column":31},"end":{"line":91,"column":63}},"31":{"start":{"line":92,"column":37},"end":{"line":92,"column":39}},"32":{"start":{"line":93,"column":23},"end":{"line":93,"column":24}},"33":{"start":{"line":94,"column":15},"end":{"line":104,"column":15}},"34":{"start":{"line":94,"column":26},"end":{"line":94,"column":27}},"35":{"start":{"line":95,"column":21},"end":{"line":103,"column":23}},"36":{"start":{"line":96,"column":42},"end":{"line":96,"column":62}},"37":{"start":{"line":97,"column":25},"end":{"line":97,"column":60}},"38":{"start":{"line":98,"column":25},"end":{"line":98,"column":63}},"39":{"start":{"line":99,"column":25},"end":{"line":99,"column":29}},"40":{"start":{"line":102,"column":26},"end":{"line":102,"column":57}},"41":{"start":{"line":105,"column":15},"end":{"line":105,"column":46}},"42":{"start":{"line":107,"column":11},"end":{"line":107,"column":40}},"43":{"start":{"line":112,"column":11},"end":{"line":122,"column":12}},"44":{"start":{"line":119,"column":20},"end":{"line":119,"column":33}},"45":{"start":{"line":121,"column":20},"end":{"line":121,"column":32}},"46":{"start":{"line":125,"column":7},"end":{"line":125,"column":41}},"47":{"start":{"line":127,"column":7},"end":{"line":131,"column":8}}},"fnMap":{"0":{"name":"rmDuplicate","decl":{"start":{"line":12,"column":16},"end":{"line":12,"column":27}},"loc":{"start":{"line":12,"column":32},"end":{"line":14,"column":8}},"line":12},"1":{"name":"(anonymous_1)","decl":{"start":{"line":13,"column":29},"end":{"line":13,"column":30}},"loc":{"start":{"line":13,"column":46},"end":{"line":13,"column":73}},"line":13},"2":{"name":"palindromic","decl":{"start":{"line":25,"column":16},"end":{"line":25,"column":27}},"loc":{"start":{"line":25,"column":32},"end":{"line":37,"column":8}},"line":25},"3":{"name":"nonChar","decl":{"start":{"line":39,"column":16},"end":{"line":39,"column":23}},"loc":{"start":{"line":39,"column":29},"end":{"line":48,"column":8}},"line":39},"4":{"name":"reverseStr","decl":{"start":{"line":61,"column":16},"end":{"line":61,"column":26}},"loc":{"start":{"line":61,"column":31},"end":{"line":109,"column":8}},"line":61},"5":{"name":"(anonymous_5)","decl":{"start":{"line":66,"column":16},"end":{"line":66,"column":17}},"loc":{"start":{"line":66,"column":24},"end":{"line":66,"column":61}},"line":66},"6":{"name":"punct","decl":{"start":{"line":111,"column":16},"end":{"line":111,"column":21}},"loc":{"start":{"line":111,"column":27},"end":{"line":123,"column":8}},"line":111}},"branchMap":{"0":{"loc":{"start":{"line":32,"column":15},"end":{"line":34,"column":16}},"type":"if","locations":[{"start":{"line":32,"column":15},"end":{"line":34,"column":16}},{"start":{"line":32,"column":15},"end":{"line":34,"column":16}}],"line":32},"1":{"loc":{"start":{"line":40,"column":11},"end":{"line":47,"column":12}},"type":"switch","locations":[{"start":{"line":41,"column":15},"end":{"line":41,"column":24}},{"start":{"line":42,"column":15},"end":{"line":42,"column":24}},{"start":{"line":43,"column":15},"end":{"line":44,"column":32}},{"start":{"line":45,"column":15},"end":{"line":46,"column":31}}],"line":40},"2":{"loc":{"start":{"line":70,"column":11},"end":{"line":108,"column":9}},"type":"if","locations":[{"start":{"line":70,"column":11},"end":{"line":108,"column":9}},{"start":{"line":70,"column":11},"end":{"line":108,"column":9}}],"line":70},"3":{"loc":{"start":{"line":81,"column":15},"end":{"line":86,"column":16}},"type":"if","locations":[{"start":{"line":81,"column":15},"end":{"line":86,"column":16}},{"start":{"line":81,"column":15},"end":{"line":86,"column":16}}],"line":81},"4":{"loc":{"start":{"line":90,"column":11},"end":{"line":106,"column":12}},"type":"if","locations":[{"start":{"line":90,"column":11},"end":{"line":106,"column":12}},{"start":{"line":90,"column":11},"end":{"line":106,"column":12}}],"line":90},"5":{"loc":{"start":{"line":95,"column":21},"end":{"line":103,"column":23}},"type":"if","locations":[{"start":{"line":95,"column":21},"end":{"line":103,"column":23}},{"start":{"line":95,"column":21},"end":{"line":103,"column":23}}],"line":95},"6":{"loc":{"start":{"line":95,"column":24},"end":{"line":95,"column":93}},"type":"binary-expr","locations":[{"start":{"line":95,"column":24},"end":{"line":95,"column":45}},{"start":{"line":95,"column":49},"end":{"line":95,"column":93}}],"line":95},"7":{"loc":{"start":{"line":112,"column":11},"end":{"line":122,"column":12}},"type":"switch","locations":[{"start":{"line":113,"column":16},"end":{"line":113,"column":25}},{"start":{"line":114,"column":16},"end":{"line":114,"column":25}},{"start":{"line":115,"column":16},"end":{"line":115,"column":25}},{"start":{"line":116,"column":16},"end":{"line":116,"column":25}},{"start":{"line":117,"column":16},"end":{"line":117,"column":25}},{"start":{"line":118,"column":16},"end":{"line":119,"column":33}},{"start":{"line":120,"column":16},"end":{"line":121,"column":32}}],"line":112}},"s":{"0":1,"1":3,"2":10,"3":1,"4":1,"5":5,"6":5,"7":5,"8":20,"9":1,"10":4,"11":49,"12":6,"13":43,"14":1,"15":1,"16":2,"17":8,"18":2,"19":2,"20":2,"21":2,"22":2,"23":2,"24":2,"25":2,"26":2,"27":8,"28":6,"29":2,"30":2,"31":2,"32":2,"33":2,"34":2,"35":8,"36":6,"37":6,"38":6,"39":6,"40":2,"41":2,"42":0,"43":44,"44":12,"45":32,"46":1,"47":1},"f":{"0":3,"1":10,"2":5,"3":49,"4":2,"5":8,"6":44},"b":{"0":[1,19],"1":[1,1,6,43],"2":[2,0],"3":[6,2],"4":[2,0],"5":[6,2],"6":[8,8],"7":[6,10,10,10,10,12,32]},"_coverageSchema":"1a1c01bbd47fc00a2c39e90264f33305004495a9","hash":"b42745e707e8aa9b48d5c00cd4aac13eec5df3d6"}
}
