TN:
SF:practice\practice.js
FN:12,rmDuplicate
FN:13,(anonymous_1)
FN:25,palindromic
FN:39,nonChar
FN:61,reverseStr
FN:66,(anonymous_5)
FN:111,punct
FNF:7
FNH:7
FNDA:3,rmDuplicate
FNDA:10,(anonymous_1)
FNDA:5,palindromic
FNDA:49,nonChar
FNDA:2,reverseStr
FNDA:8,(anonymous_5)
FNDA:44,punct
DA:10,1
DA:13,10
DA:16,1
DA:23,1
DA:26,5
DA:31,5
DA:32,20
DA:33,1
DA:36,4
DA:40,49
DA:44,6
DA:46,43
DA:50,1
DA:59,1
DA:62,2
DA:66,8
DA:70,2
DA:71,2
DA:72,2
DA:73,2
DA:74,2
DA:78,2
DA:79,2
DA:80,2
DA:81,8
DA:82,6
DA:90,2
DA:91,2
DA:92,2
DA:93,2
DA:94,2
DA:95,8
DA:96,6
DA:97,6
DA:98,6
DA:99,6
DA:102,2
DA:105,2
DA:107,0
DA:112,44
DA:119,12
DA:121,32
DA:125,1
DA:127,1
LF:44
LH:43
BRDA:32,0,0,1
BRDA:32,0,1,19
BRDA:40,1,0,1
BRDA:40,1,1,1
BRDA:40,1,2,6
BRDA:40,1,3,43
BRDA:70,2,0,2
BRDA:70,2,1,0
BRDA:81,3,0,6
BRDA:81,3,1,2
BRDA:90,4,0,2
BRDA:90,4,1,0
BRDA:95,5,0,6
BRDA:95,5,1,2
BRDA:95,6,0,8
BRDA:95,6,1,8
BRDA:112,7,0,6
BRDA:112,7,1,10
BRDA:112,7,2,10
BRDA:112,7,3,10
BRDA:112,7,4,10
BRDA:112,7,5,12
BRDA:112,7,6,32
BRF:23
BRH:21
end_of_record
